2018-06-14 15:33:40 INFO  AdjustmentReasonPage:36 - setting up the username
2018-06-14 15:33:40 INFO  AdjustmentReasonPage:52 - setting up the password
2018-06-14 15:33:44 INFO  AdjustmentReasonPage:103 - logon to the cync application
2018-06-14 15:33:44 INFO  AdjustmentReasonPage:523 - naviagting to the Adjustment reason
2018-06-14 15:34:20 INFO  AdjustmentReasonPage:36 - setting up the username
2018-06-14 15:34:20 INFO  AdjustmentReasonPage:52 - setting up the password
2018-06-14 15:34:26 INFO  AdjustmentReasonPage:103 - logon to the cync application
2018-06-14 15:34:26 INFO  AdjustmentReasonPage:523 - naviagting to the Adjustment reason
2018-06-14 15:34:50 INFO  AdjustmentReasonPage:85 - UI validation started on the screen for BreadcrumbVerify
2018-06-14 15:36:40 INFO  AdjustmentReasonPage:36 - setting up the username
2018-06-14 15:36:40 INFO  AdjustmentReasonPage:52 - setting up the password
2018-06-14 15:36:44 INFO  AdjustmentReasonPage:103 - logon to the cync application
2018-06-14 15:36:44 INFO  AdjustmentReasonPage:523 - naviagting to the Adjustment reason
2018-06-14 15:37:18 INFO  AdjustmentReasonPage:36 - setting up the username
2018-06-14 15:37:19 INFO  AdjustmentReasonPage:52 - setting up the password
2018-06-14 15:37:23 INFO  AdjustmentReasonPage:103 - logon to the cync application
2018-06-14 15:37:23 INFO  AdjustmentReasonPage:523 - naviagting to the Adjustment reason
2018-06-14 15:37:46 INFO  AdjustmentReasonPage:85 - UI validation started on the screen for BreadcrumbVerify
2018-06-14 16:00:00 INFO  AdjustmentReasonPage:61 - execution started in the CHROME browser
2018-06-14 16:00:02 INFO  AdjustmentReasonPage:112 - maximizing the Browser
2018-06-14 16:00:04 INFO  AdjustmentReasonPage:115 - launching the application URL
2018-06-14 16:00:10 INFO  LoginPage:36 - setting up the username
2018-06-14 16:00:10 INFO  LoginPage:52 - setting up the password
2018-06-14 16:00:13 INFO  LoginPage:103 - login to the cync application
2018-06-14 16:00:13 INFO  CyncHomePage:21 - verifying the Login success message
2018-06-14 16:00:13 INFO  CyncHomePage:30 - verifying the success Message
2018-06-14 16:00:13 INFO  AdjustmentReasonPage:523 - naviagting to the Adjustment reason
2018-06-14 16:00:36 INFO  AdjustmentReasonPage:61 - execution started in the CHROME browser
2018-06-14 16:00:38 INFO  AdjustmentReasonPage:112 - maximizing the Browser
2018-06-14 16:00:39 INFO  AdjustmentReasonPage:115 - launching the application URL
2018-06-14 16:00:45 INFO  LoginPage:36 - setting up the username
2018-06-14 16:00:45 INFO  LoginPage:52 - setting up the password
2018-06-14 16:00:48 INFO  LoginPage:103 - login to the cync application
2018-06-14 16:00:48 INFO  CyncHomePage:21 - verifying the Login success message
2018-06-14 16:00:48 INFO  CyncHomePage:30 - verifying the success Message
2018-06-14 16:00:48 INFO  AdjustmentReasonPage:523 - naviagting to the Adjustment reason
2018-06-14 16:01:09 INFO  AdjustmentReasonPage:84 - UI validation started on the screen for BreadcrumbVerify
2018-06-14 16:06:19 INFO  AdjustmentReasonPage:78 - execution started in the CHROME browser
2018-06-14 16:06:19 INFO  AdjustmentReasonPage:113 - maximizing the Browser
2018-06-14 16:06:20 INFO  AdjustmentReasonPage:116 - Passing the APP URL
2018-06-14 16:06:27 INFO  LoginPage:36 - setting up the username
2018-06-14 16:06:28 INFO  LoginPage:52 - setting up the password
2018-06-14 16:06:31 INFO  LoginPage:103 - login to the cync application
2018-06-14 16:06:31 INFO  CyncHomePage:21 - verifying the Login success message
2018-06-14 16:06:31 INFO  CyncHomePage:30 - verifying the success Message
2018-06-14 16:06:31 INFO  AdjustmentReasonPage:523 - naviagting to the Adjustment reason
2018-06-14 16:06:54 INFO  AdjustmentReasonPage:78 - execution started in the CHROME browser
2018-06-14 16:06:54 INFO  AdjustmentReasonPage:113 - maximizing the Browser
2018-06-14 16:06:55 INFO  AdjustmentReasonPage:116 - Passing the APP URL
2018-06-14 16:07:02 INFO  LoginPage:36 - setting up the username
2018-06-14 16:07:02 INFO  LoginPage:52 - setting up the password
2018-06-14 16:07:08 INFO  LoginPage:103 - login to the cync application
2018-06-14 16:07:08 INFO  CyncHomePage:21 - verifying the Login success message
2018-06-14 16:07:08 INFO  CyncHomePage:30 - verifying the success Message
2018-06-14 16:07:08 INFO  AdjustmentReasonPage:523 - naviagting to the Adjustment reason
2018-06-14 16:07:30 INFO  AdjustmentReasonPage:84 - UI validation started on the screen for BreadcrumbVerify
2018-07-09 19:59:46 INFO  AdjustmentReasonPage:78 - execution started in the CHROME browser
2018-07-09 19:59:46 INFO  AdjustmentReasonPage:113 - maximizing the Browser
2018-07-09 19:59:47 INFO  AdjustmentReasonPage:116 - Passing the APP URL
2018-07-09 19:59:58 INFO  AdjustmentReasonPage:78 - execution started in the CHROME browser
2018-07-09 19:59:58 INFO  AdjustmentReasonPage:113 - maximizing the Browser
2018-07-09 20:00:04 INFO  AdjustmentReasonPage:116 - Passing the APP URL
2018-07-09 20:00:11 INFO  AdjustmentReasonPage:78 - execution started in the CHROME browser
2018-07-09 20:00:11 INFO  AdjustmentReasonPage:113 - maximizing the Browser
2018-07-09 20:00:12 INFO  AdjustmentReasonPage:116 - Passing the APP URL
2018-07-10 12:35:40 INFO  AdjustmentReasonPage:78 - execution started in the CHROME browser
2018-07-10 12:35:40 INFO  AdjustmentReasonPage:113 - maximizing the Browser
2018-07-10 12:35:41 INFO  AdjustmentReasonPage:116 - Passing the APP URL
2018-07-10 12:35:43 INFO  AdjustmentReasonPage:78 - execution started in the CHROME browser
2018-07-10 12:35:43 INFO  AdjustmentReasonPage:113 - maximizing the Browser
2018-07-10 12:35:44 INFO  AdjustmentReasonPage:116 - Passing the APP URL
2018-07-10 12:35:46 INFO  AdjustmentReasonPage:78 - execution started in the CHROME browser
2018-07-10 12:35:46 INFO  AdjustmentReasonPage:113 - maximizing the Browser
2018-07-10 12:35:47 INFO  AdjustmentReasonPage:116 - Passing the APP URL
2018-07-10 12:35:49 INFO  AdjustmentReasonPage:78 - execution started in the CHROME browser
2018-07-10 12:35:49 INFO  AdjustmentReasonPage:113 - maximizing the Browser
2018-07-10 12:35:50 INFO  AdjustmentReasonPage:116 - Passing the APP URL
2018-07-10 12:35:52 INFO  AdjustmentReasonPage:78 - execution started in the CHROME browser
2018-07-10 12:35:52 INFO  AdjustmentReasonPage:113 - maximizing the Browser
2018-07-10 12:35:53 INFO  AdjustmentReasonPage:116 - Passing the APP URL
2018-07-10 12:35:55 INFO  AdjustmentReasonPage:78 - execution started in the CHROME browser
2018-07-10 12:35:55 INFO  AdjustmentReasonPage:113 - maximizing the Browser
2018-07-10 12:36:01 INFO  AdjustmentReasonPage:116 - Passing the APP URL
2018-07-10 12:38:52 INFO  AdjustmentReasonPage:78 - execution started in the CHROME browser
2018-07-10 12:38:52 INFO  AdjustmentReasonPage:113 - maximizing the Browser
2018-07-10 12:38:53 INFO  AdjustmentReasonPage:116 - Passing the APP URL
2018-07-10 12:38:55 INFO  AdjustmentReasonPage:78 - execution started in the CHROME browser
2018-07-10 12:38:55 INFO  AdjustmentReasonPage:113 - maximizing the Browser
2018-07-10 12:38:57 INFO  AdjustmentReasonPage:116 - Passing the APP URL
2018-07-10 12:41:47 INFO  AdjustmentReasonPage:78 - execution started in the CHROME browser
2018-07-10 12:41:47 INFO  AdjustmentReasonPage:113 - maximizing the Browser
2018-07-10 12:41:48 INFO  AdjustmentReasonPage:116 - Passing the APP URL
2018-07-10 12:41:51 INFO  AdjustmentReasonPage:78 - execution started in the CHROME browser
2018-07-10 12:41:51 INFO  AdjustmentReasonPage:113 - maximizing the Browser
2018-07-10 12:41:52 INFO  AdjustmentReasonPage:116 - Passing the APP URL
2018-07-10 12:44:50 INFO  AdjustmentReasonPage:78 - execution started in the CHROME browser
2018-07-10 12:44:50 INFO  AdjustmentReasonPage:113 - maximizing the Browser
2018-07-10 12:44:51 INFO  AdjustmentReasonPage:116 - Passing the APP URL
2018-07-10 12:44:54 INFO  AdjustmentReasonPage:78 - execution started in the CHROME browser
2018-07-10 12:44:54 INFO  AdjustmentReasonPage:113 - maximizing the Browser
2018-07-10 12:44:55 INFO  AdjustmentReasonPage:116 - Passing the APP URL
2018-07-10 12:46:58 INFO  AdjustmentReasonPage:78 - execution started in the CHROME browser
2018-07-10 12:46:58 INFO  AdjustmentReasonPage:113 - maximizing the Browser
2018-07-10 12:46:59 INFO  AdjustmentReasonPage:116 - Passing the APP URL
2018-07-10 12:47:01 INFO  AdjustmentReasonPage:78 - execution started in the CHROME browser
2018-07-10 12:47:01 INFO  AdjustmentReasonPage:113 - maximizing the Browser
2018-07-10 12:49:50 INFO  AdjustmentReasonPage:78 - execution started in the CHROME browser
2018-07-10 12:49:50 INFO  AdjustmentReasonPage:113 - maximizing the Browser
2018-07-10 12:49:51 INFO  AdjustmentReasonPage:116 - Passing the APP URL
2018-07-10 12:49:53 INFO  AdjustmentReasonPage:78 - execution started in the CHROME browser
2018-07-10 12:49:53 INFO  AdjustmentReasonPage:113 - maximizing the Browser
2018-07-10 12:53:00 INFO  AdjustmentReasonPage:78 - execution started in the CHROME browser
2018-07-10 12:53:00 INFO  AdjustmentReasonPage:113 - maximizing the Browser
2018-07-10 12:53:01 INFO  AdjustmentReasonPage:116 - Passing the APP URL
2018-07-10 12:53:03 INFO  AdjustmentReasonPage:78 - execution started in the CHROME browser
2018-07-10 12:53:03 INFO  AdjustmentReasonPage:113 - maximizing the Browser
2018-07-10 12:53:04 INFO  AdjustmentReasonPage:116 - Passing the APP URL
2018-07-10 12:54:14 INFO  AdjustmentReasonPage:78 - execution started in the CHROME browser
2018-07-10 12:54:14 INFO  AdjustmentReasonPage:113 - maximizing the Browser
2018-07-10 12:54:16 INFO  AdjustmentReasonPage:116 - Passing the APP URL
2018-07-10 12:55:07 INFO  AdjustmentReasonPage:78 - execution started in the CHROME browser
2018-07-10 12:55:07 INFO  AdjustmentReasonPage:113 - maximizing the Browser
2018-07-10 12:55:09 INFO  AdjustmentReasonPage:116 - Passing the APP URL
2018-07-10 12:55:11 INFO  AdjustmentReasonPage:78 - execution started in the CHROME browser
2018-07-10 12:55:11 INFO  AdjustmentReasonPage:113 - maximizing the Browser
2018-07-10 12:55:12 INFO  AdjustmentReasonPage:116 - Passing the APP URL
2018-07-10 13:02:10 INFO  AdjustmentReasonPage:78 - execution started in the CHROME browser
2018-07-10 13:02:10 INFO  AdjustmentReasonPage:113 - maximizing the Browser
2018-07-10 13:02:12 INFO  AdjustmentReasonPage:116 - Passing the APP URL
2018-07-10 13:02:14 INFO  AdjustmentReasonPage:78 - execution started in the CHROME browser
2018-07-10 13:02:14 INFO  AdjustmentReasonPage:113 - maximizing the Browser
2018-07-10 13:02:15 INFO  AdjustmentReasonPage:116 - Passing the APP URL
2018-07-10 13:05:37 INFO  AdjustmentReasonPage:78 - execution started in the CHROME browser
2018-07-10 13:05:37 INFO  AdjustmentReasonPage:113 - maximizing the Browser
2018-07-10 13:05:38 INFO  AdjustmentReasonPage:116 - Passing the APP URL
2018-07-10 13:05:40 INFO  AdjustmentReasonPage:78 - execution started in the CHROME browser
2018-07-10 13:05:40 INFO  AdjustmentReasonPage:113 - maximizing the Browser
2018-07-10 13:05:41 INFO  AdjustmentReasonPage:116 - Passing the APP URL
2018-07-10 13:06:26 INFO  AdjustmentReasonPage:78 - execution started in the CHROME browser
2018-07-10 13:06:26 INFO  AdjustmentReasonPage:113 - maximizing the Browser
2018-07-10 13:06:27 INFO  AdjustmentReasonPage:116 - Passing the APP URL
2018-07-10 13:06:39 INFO  LoginPage:37 - setting up the text
2018-07-10 13:06:42 INFO  AdjustmentReasonPage:78 - execution started in the CHROME browser
2018-07-10 13:06:42 INFO  AdjustmentReasonPage:113 - maximizing the Browser
2018-07-10 13:06:43 INFO  AdjustmentReasonPage:116 - Passing the APP URL
2018-07-10 13:06:54 INFO  LoginPage:37 - setting up the text
2018-07-10 13:06:57 INFO  AdjustmentReasonPage:78 - execution started in the CHROME browser
2018-07-10 13:06:57 INFO  AdjustmentReasonPage:113 - maximizing the Browser
2018-07-10 13:06:58 INFO  AdjustmentReasonPage:116 - Passing the APP URL
2018-07-10 13:07:08 INFO  LoginPage:43 - setting up the gmail
2018-07-10 13:08:15 INFO  AdjustmentReasonPage:78 - execution started in the CHROME browser
2018-07-10 13:08:15 INFO  AdjustmentReasonPage:113 - maximizing the Browser
2018-07-10 13:08:16 INFO  AdjustmentReasonPage:116 - Passing the APP URL
2018-07-10 13:08:34 INFO  LoginPage:54 - setting up the username
2018-07-10 13:08:34 INFO  LoginPage:62 - something went wrong while passing username
2018-07-10 13:08:34 INFO  LoginPage:70 - setting up the password
2018-07-10 13:08:34 INFO  LoginPage:79 - something went wrong while passing password
2018-07-10 13:08:36 INFO  LoginPage:121 - login to the cync application
2018-07-10 13:08:36 INFO  CyncHomePage:21 - verifying the Login success message
2018-07-10 13:08:49 INFO  AdjustmentReasonPage:78 - execution started in the CHROME browser
2018-07-10 13:08:49 INFO  AdjustmentReasonPage:113 - maximizing the Browser
2018-07-10 13:08:50 INFO  AdjustmentReasonPage:116 - Passing the APP URL
2018-07-10 13:08:57 INFO  LoginPage:54 - setting up the username
2018-07-10 13:09:07 INFO  LoginPage:62 - something went wrong while passing username
2018-07-10 13:09:07 INFO  LoginPage:70 - setting up the password
2018-07-10 13:09:17 INFO  LoginPage:79 - something went wrong while passing password
2018-07-10 13:09:29 INFO  AdjustmentReasonPage:78 - execution started in the CHROME browser
2018-07-10 13:09:29 INFO  AdjustmentReasonPage:113 - maximizing the Browser
2018-07-10 13:09:30 INFO  AdjustmentReasonPage:116 - Passing the APP URL
2018-07-10 13:09:34 INFO  AdjustmentReasonPage:78 - execution started in the CHROME browser
2018-07-10 13:09:34 INFO  AdjustmentReasonPage:113 - maximizing the Browser
2018-07-10 13:09:35 INFO  AdjustmentReasonPage:116 - Passing the APP URL
2018-07-10 13:09:50 INFO  AdjustmentReasonPage:78 - execution started in the CHROME browser
2018-07-10 13:09:50 INFO  AdjustmentReasonPage:113 - maximizing the Browser
2018-07-10 13:09:51 INFO  AdjustmentReasonPage:116 - Passing the APP URL
2018-07-10 13:09:51 INFO  LoginPage:37 - setting up the text
2018-07-10 13:09:55 INFO  AdjustmentReasonPage:78 - execution started in the CHROME browser
2018-07-10 13:09:55 INFO  AdjustmentReasonPage:113 - maximizing the Browser
2018-07-10 13:09:56 INFO  AdjustmentReasonPage:116 - Passing the APP URL
2018-07-10 13:10:09 INFO  LoginPage:37 - setting up the text
2018-07-10 13:10:11 INFO  AdjustmentReasonPage:78 - execution started in the CHROME browser
2018-07-10 13:10:11 INFO  AdjustmentReasonPage:113 - maximizing the Browser
2018-07-10 13:10:12 INFO  AdjustmentReasonPage:78 - execution started in the CHROME browser
2018-07-10 13:10:12 INFO  AdjustmentReasonPage:113 - maximizing the Browser
2018-07-10 13:10:12 INFO  AdjustmentReasonPage:116 - Passing the APP URL
2018-07-10 13:10:13 INFO  AdjustmentReasonPage:116 - Passing the APP URL
2018-07-10 13:10:20 INFO  LoginPage:43 - setting up the gmail
2018-07-10 13:10:21 INFO  AdjustmentReasonPage:78 - execution started in the CHROME browser
2018-07-10 13:10:21 INFO  AdjustmentReasonPage:113 - maximizing the Browser
2018-07-10 13:10:27 INFO  AdjustmentReasonPage:116 - Passing the APP URL
2018-07-10 13:10:34 INFO  AdjustmentReasonPage:78 - execution started in the CHROME browser
2018-07-10 13:10:34 INFO  AdjustmentReasonPage:113 - maximizing the Browser
2018-07-10 13:10:40 INFO  AdjustmentReasonPage:116 - Passing the APP URL
2018-07-10 13:10:46 INFO  AdjustmentReasonPage:78 - execution started in the CHROME browser
2018-07-10 13:10:47 INFO  AdjustmentReasonPage:113 - maximizing the Browser
2018-07-10 13:10:53 INFO  AdjustmentReasonPage:116 - Passing the APP URL
2018-07-10 13:10:59 INFO  AdjustmentReasonPage:78 - execution started in the CHROME browser
2018-07-10 13:10:59 INFO  AdjustmentReasonPage:113 - maximizing the Browser
2018-07-10 13:11:05 INFO  AdjustmentReasonPage:116 - Passing the APP URL
2018-07-10 13:11:12 INFO  AdjustmentReasonPage:78 - execution started in the CHROME browser
2018-07-10 13:11:12 INFO  AdjustmentReasonPage:113 - maximizing the Browser
2018-07-10 13:11:18 INFO  AdjustmentReasonPage:116 - Passing the APP URL
2018-07-10 13:11:24 INFO  AdjustmentReasonPage:78 - execution started in the CHROME browser
2018-07-10 13:11:24 INFO  AdjustmentReasonPage:113 - maximizing the Browser
2018-07-10 13:11:30 INFO  AdjustmentReasonPage:116 - Passing the APP URL
2018-07-10 13:11:37 INFO  AdjustmentReasonPage:78 - execution started in the CHROME browser
2018-07-10 13:11:37 INFO  AdjustmentReasonPage:113 - maximizing the Browser
2018-07-10 13:11:43 INFO  AdjustmentReasonPage:116 - Passing the APP URL
2018-07-10 13:11:50 INFO  AdjustmentReasonPage:78 - execution started in the CHROME browser
2018-07-10 13:11:50 INFO  AdjustmentReasonPage:113 - maximizing the Browser
2018-07-10 13:11:51 INFO  AdjustmentReasonPage:116 - Passing the APP URL
2018-07-10 13:12:05 INFO  AdjustmentReasonPage:78 - execution started in the CHROME browser
2018-07-10 13:12:05 INFO  AdjustmentReasonPage:113 - maximizing the Browser
2018-07-10 13:12:06 INFO  AdjustmentReasonPage:116 - Passing the APP URL
2018-07-10 13:12:21 INFO  AdjustmentReasonPage:78 - execution started in the CHROME browser
2018-07-10 13:12:21 INFO  AdjustmentReasonPage:113 - maximizing the Browser
2018-07-10 13:12:27 INFO  AdjustmentReasonPage:116 - Passing the APP URL
2018-07-10 13:12:34 INFO  AdjustmentReasonPage:78 - execution started in the CHROME browser
2018-07-10 13:12:34 INFO  AdjustmentReasonPage:113 - maximizing the Browser
2018-07-10 13:12:40 INFO  AdjustmentReasonPage:116 - Passing the APP URL
2018-07-10 13:12:46 INFO  AdjustmentReasonPage:78 - execution started in the CHROME browser
2018-07-10 13:12:46 INFO  AdjustmentReasonPage:113 - maximizing the Browser
2018-07-10 13:12:47 INFO  AdjustmentReasonPage:116 - Passing the APP URL
2018-07-10 13:12:58 INFO  AdjustmentReasonPage:78 - execution started in the CHROME browser
2018-07-10 13:12:58 INFO  AdjustmentReasonPage:113 - maximizing the Browser
2018-07-10 13:13:04 INFO  AdjustmentReasonPage:116 - Passing the APP URL
2018-07-10 13:13:11 INFO  AdjustmentReasonPage:78 - execution started in the CHROME browser
2018-07-10 13:13:11 INFO  AdjustmentReasonPage:113 - maximizing the Browser
2018-07-10 13:13:12 INFO  AdjustmentReasonPage:116 - Passing the APP URL
2018-07-10 13:13:20 INFO  AdjustmentReasonPage:78 - execution started in the CHROME browser
2018-07-10 13:13:20 INFO  AdjustmentReasonPage:113 - maximizing the Browser
2018-07-10 13:13:26 INFO  AdjustmentReasonPage:116 - Passing the APP URL
2018-07-10 13:13:32 INFO  AdjustmentReasonPage:78 - execution started in the CHROME browser
2018-07-10 13:13:32 INFO  AdjustmentReasonPage:113 - maximizing the Browser
2018-07-10 13:13:38 INFO  AdjustmentReasonPage:116 - Passing the APP URL
2018-07-10 13:13:45 INFO  AdjustmentReasonPage:78 - execution started in the CHROME browser
2018-07-10 13:13:45 INFO  AdjustmentReasonPage:113 - maximizing the Browser
2018-07-10 13:13:51 INFO  AdjustmentReasonPage:116 - Passing the APP URL
2018-07-10 13:13:58 INFO  AdjustmentReasonPage:78 - execution started in the CHROME browser
2018-07-10 13:13:58 INFO  AdjustmentReasonPage:113 - maximizing the Browser
2018-07-10 13:14:04 INFO  AdjustmentReasonPage:116 - Passing the APP URL
2018-07-10 13:14:10 INFO  AdjustmentReasonPage:78 - execution started in the CHROME browser
2018-07-10 13:14:10 INFO  AdjustmentReasonPage:113 - maximizing the Browser
2018-07-10 13:14:16 INFO  AdjustmentReasonPage:116 - Passing the APP URL
2018-07-10 13:14:23 INFO  AdjustmentReasonPage:78 - execution started in the CHROME browser
2018-07-10 13:14:23 INFO  AdjustmentReasonPage:113 - maximizing the Browser
2018-07-10 13:14:29 INFO  AdjustmentReasonPage:116 - Passing the APP URL
2018-07-10 13:14:35 INFO  AdjustmentReasonPage:78 - execution started in the CHROME browser
2018-07-10 13:14:35 INFO  AdjustmentReasonPage:113 - maximizing the Browser
2018-07-10 13:14:41 INFO  AdjustmentReasonPage:116 - Passing the APP URL
2018-07-10 13:14:48 INFO  AdjustmentReasonPage:78 - execution started in the CHROME browser
2018-07-10 13:14:48 INFO  AdjustmentReasonPage:113 - maximizing the Browser
2018-07-10 13:14:54 INFO  AdjustmentReasonPage:116 - Passing the APP URL
2018-07-10 13:15:01 INFO  AdjustmentReasonPage:78 - execution started in the CHROME browser
2018-07-10 13:15:01 INFO  AdjustmentReasonPage:113 - maximizing the Browser
2018-07-10 13:15:08 INFO  AdjustmentReasonPage:116 - Passing the APP URL
2018-07-10 13:15:14 INFO  AdjustmentReasonPage:78 - execution started in the CHROME browser
2018-07-10 13:15:14 INFO  AdjustmentReasonPage:113 - maximizing the Browser
2018-07-10 13:15:20 INFO  AdjustmentReasonPage:116 - Passing the APP URL
2018-07-10 13:15:27 INFO  AdjustmentReasonPage:78 - execution started in the CHROME browser
2018-07-10 13:15:27 INFO  AdjustmentReasonPage:113 - maximizing the Browser
2018-07-10 13:15:42 INFO  AdjustmentReasonPage:116 - Passing the APP URL
2018-07-10 13:15:49 INFO  AdjustmentReasonPage:78 - execution started in the CHROME browser
2018-07-10 13:15:49 INFO  AdjustmentReasonPage:113 - maximizing the Browser
2018-07-10 13:15:50 INFO  AdjustmentReasonPage:116 - Passing the APP URL
2018-07-10 14:38:01 INFO  AdjustmentReasonPage:78 - execution started in the CHROME browser
2018-07-10 14:38:01 INFO  AdjustmentReasonPage:113 - maximizing the Browser
2018-07-10 14:38:02 INFO  AdjustmentReasonPage:116 - Passing the APP URL
2018-07-10 14:38:12 INFO  LoginPage:37 - setting up the text
2018-07-10 14:38:25 INFO  AdjustmentReasonPage:78 - execution started in the CHROME browser
2018-07-10 14:38:25 INFO  AdjustmentReasonPage:113 - maximizing the Browser
2018-07-10 14:38:26 INFO  AdjustmentReasonPage:116 - Passing the APP URL
2018-07-10 14:38:36 INFO  LoginPage:37 - setting up the text
2018-07-10 14:38:39 INFO  AdjustmentReasonPage:78 - execution started in the CHROME browser
2018-07-10 14:38:39 INFO  AdjustmentReasonPage:113 - maximizing the Browser
2018-07-10 14:38:40 INFO  AdjustmentReasonPage:116 - Passing the APP URL
2018-07-10 14:38:54 INFO  LoginPage:43 - setting up the gmail
2018-07-10 14:54:20 INFO  BaseTest:77 - execution started in the CHROME browser
2018-07-10 14:54:20 INFO  BaseTest:112 - maximizing the Browser
2018-07-10 14:54:21 INFO  BaseTest:115 - Passing the APP URL
2018-07-10 14:54:31 INFO  LoginPage:37 - setting up the text
2018-07-10 14:54:34 INFO  BaseTest:77 - execution started in the CHROME browser
2018-07-10 14:54:34 INFO  BaseTest:112 - maximizing the Browser
2018-07-10 14:54:35 INFO  BaseTest:115 - Passing the APP URL
2018-07-10 14:54:44 INFO  LoginPage:37 - setting up the text
2018-07-10 14:54:48 INFO  BaseTest:77 - execution started in the CHROME browser
2018-07-10 14:54:48 INFO  BaseTest:112 - maximizing the Browser
2018-07-10 14:54:49 INFO  BaseTest:115 - Passing the APP URL
2018-07-10 14:54:59 INFO  LoginPage:43 - setting up the gmail
2018-07-10 14:58:31 INFO  BaseTest:77 - execution started in the CHROME browser
2018-07-10 14:58:31 INFO  BaseTest:112 - maximizing the Browser
2018-07-10 14:58:32 INFO  BaseTest:115 - Passing the APP URL
2018-07-10 14:58:42 INFO  LoginPage:37 - setting up the text
2018-07-10 14:58:45 INFO  BaseTest:77 - execution started in the CHROME browser
2018-07-10 14:58:45 INFO  BaseTest:112 - maximizing the Browser
2018-07-10 14:58:46 INFO  BaseTest:115 - Passing the APP URL
2018-07-10 14:58:58 INFO  LoginPage:37 - setting up the text
2018-07-10 14:59:01 INFO  BaseTest:77 - execution started in the CHROME browser
2018-07-10 14:59:01 INFO  BaseTest:112 - maximizing the Browser
2018-07-10 14:59:02 INFO  BaseTest:115 - Passing the APP URL
2018-07-10 14:59:12 INFO  LoginPage:43 - setting up the gmail
